#1 2 1#   225.17  203.57  0 16  2  1  2 21
#2 5 1#   227.78  202.80  0 19  2  1  3 25
#3 2 1#   228.51  200.91  0 26  2  1  3 32
#4 2 1#   228.58  200.88  0 26  2  1  3 32
#5 4 1#   228.67  200.69  0 25  2  1  3 31
#6 2 1#   228.70  200.62  0 25  2  1  3 31
#7 2 1#   228.45  199.37  0 35  2  1  3 41
#8 5 1#   227.08  201.21  0 20  2  1  2 25
#9 2 1#   228.40  198.05  0 35  2  1  3 41
#10 2 1#   229.10  198.10  0 35  2  1  3 41
#11 2 1#   229.90  196.42  0 32  2  1  1 36
#12 2 1#   230.71  195.77  0 28  0  0  1 29
#13 2 1#   228.75  195.95  0 32  2  1  0 35
#14 2 1#   228.78  195.58  0 28  1  0  0 29
#15 2 1#   229.75  194.76  0 29  0  0  0 29
#16 2 1#   228.12  195.24  0 29  1  0  0 30
#17 2 1#   228.05  195.42  0 28  1  0  0 29
#18 2 1#   228.22  194.51  0 26  0  0  0 26
#19 5 1#   227.60  184.38  0  7  0  0  1  8
#20 2 1#   227.60  194.38  0 25  0  0  0 25
#21 2 1#   228.08  195.06  0 27  1  0  0 28
#22 2 1#   227.92  194.53  0 26  0  0  0 26
#23 2 1#   228.02  195.08  0 27  1  0  0 28
#24 2 1#   228.23  193.96  0 24  0  0  0 24
#25 2 1#   229.07  183.26  0  6  0  0  2  8
#26 2 1#   228.98  193.03  0 21  0  0  0 21
#27 2 1#   232.06  197.88  0 23  0  1  1 25
#28 2 1#   232.19  197.69  0 23  0  1  1 25
#29 2 1#   233.12  198.26  0 14  0  0  1 15
#30 2 1#   231.26  198.97  0 23  2  1  2 28
#31 5 1#   232.61  199.86  0 18  0  1  1 20
#32 2 1#   232.30  199.94  0 18  0  1  1 20
#33 2 1#   232.85  199.78  0 18  0  1  1 20
#34 2 1#   216.47  206.76  0  6  0  1  1  8
#35 2 1#   213.86  205.78  0 18  0  2  5 25
#36 2 1#   210.65  211.62  0  5  0  0  0  5
#37 2 1#   211.47  210.64  0  5  0  0  0  5
#38 2 1#   210.94  210.32  0  6  0  0  0  6
#39 2 1#   210.99  209.89  0  7  0  0  0  7
#40 2 1#   210.89  213.28  0  5  0  0  0  5
#41 2 1#   209.75  204.79  0 16  0  2  6 24
#42 2 1#   206.85  207.10  0  4  0  0  2  6
#43 2 1#   209.13  202.25  0 18  0  2  5 25
#44 2 1#   211.71  205.51  0 20  0  2  6 28
#45 4 1#   212.87  203.41  0 22  0  2  7 31
#46 4 1#   211.86  203.12  0 21  0  2  7 30
#47 2 1#   211.74  202.98  0 21  0  2  7 30
#48 2 1#   228.11  203.12  0 18  2  1  3 24
#49 2 1#   228.11  210.55  0 35  0  0  6 41
#50 2 1#   228.11  210.55  0 35  0  0  6 41
#51 5 1#   228.07  210.55  0 35  0  0  6 41
#52 2 1#   233.22  210.81  0 38  0  0  5 43
#53 2 1#   233.43  210.78  0 38  0  0  4 42
#54 2 1#   233.43  210.82  0 38  0  0  5 43
#55 2 1#   233.39  210.82  0 38  0  0  4 42
#56 2 1#   233.19  211.19  0 39  0  0  5 44
#57 2 1#   232.16  211.31  0 41  0  0  6 47
#58 2 1#   232.34  210.31  0 37  0  0  6 43
#59 2 1#   232.34  210.11  0 37  0  0  6 43
#60 2 1#   232.11  209.77  0 36  0  0  6 42
#61 2 1#   231.66  209.85  0 36  0  0  6 42
#62 2 1#   231.75  213.35  0 55  0  1  4 60
#63 2 1#   230.33  212.70  0 44  0  1  5 50
#64 2 1#   230.22  212.86  0 43  0  1  5 49
#65 2 1#   230.99  213.08  0 50  0  1  5 56
#66 2 1#   231.34  212.52  0 47  0  1  5 53
#67 2 1#   234.53  215.85  0 43  1  1  4 49
#68 2 1#   236.21  216.37  0 36  1  1  6 44
#69 2 1#   236.70  216.14  0 37  0  0  6 43
#70 2 1#   226.69  225.34  0 28  0  0  4 32
#71 5 1#   227.73  225.09  0 33  0  0  5 38
#72 2 1#   228.01  223.99  0 36  0  0  6 42
#73 2 1#   226.74  223.88  0 35  0  0  6 41
#74 2 1#   225.28  222.45  0 35  0  0  6 41
#75 2 1#   227.24  217.19  0 41  0  1  6 48
#76 2 1#   227.11  217.55  0 44  0  1  5 50
#77 2 1#   227.61  217.50  0 43  0  1  6 50
#78 2 1#   227.35  217.80  0 45  0  1  5 51
#79 2 1#   226.69  217.91  0 43  0  1  5 49
#80 2 1#   226.93  225.61  0 27  0  0  3 30
#81 2 1#   224.69  222.67  0 31  0  0  6 37
#82 2 1#   224.13  224.31  0 23  0  0  4 27
#83 2 1#   224.31  224.54  0 23  0  0  4 27
#84 2 1#   226.18  221.83  0 39  0  0  6 45
#85 2 1#   226.67  221.68  0 40  0  0  6 46
#86 2 1#   226.68  221.12  0 39  0  0  6 45
#87 2 1#   227.39  222.94  0 35  0  0  6 41
#88 2 1#   227.39  223.22  0 35  0  0  6 41
#89 2 1#   227.91  222.95  0 36  0  0  6 42
#90 2 1#   228.53  222.61  0 38  0  0  6 44
#91 2 1#   228.16  222.10  0 43  0  0  6 49
#92 2 1#   228.82  222.30  0 39  0  0  6 45
#93 2 1#   228.87  222.22  0 40  1  0  6 47
#94 2 1#   229.41  221.79  0 49  1  0  6 56
#95 2 1#   229.81  221.53  0 49  1  1  6 57
#96 2 1#   228.35  221.02  0 48  1  0  6 55
#97 2 1#   228.03  221.33  0 48  0  0  6 54
#98 5 1#   227.47  221.08  0 42  0  0  6 48
#99 2 1#   227.72  221.15  0 45  0  0  6 51
#100 2 1#   228.04  220.45  0 46  0  1  6 53
#101 2 1#   228.13  220.43  0 46  1  1  6 54
#102 2 1#   228.13  219.80  0 49  1  1  5 56
#103 2 1#   229.47  220.47  0 50  1  1  6 58
#104 2 1#   229.15  220.43  0 50  1  1  6 58
#105 2 1#   229.40  220.00  0 48  1  1  5 55
#106 5 1#   226.67  219.52  0 50  0  0  5 55
#107 2 1#   226.93  220.57  0 39  0  0  6 45
#108 2 1#   226.43  220.78  0 41  0  0  6 47
#109 2 1#   226.42  220.97  0 41  0  0  6 47
#110 2 1#   227.55  221.94  0 40  0  0  6 46
#111 5 1#   226.38  221.68  0 39  0  0  6 45
#112 5 1#   227.27  220.57  0 46  0  0  6 52
#113 5 1#   227.22  220.13  0 43  0  0  6 49
#114 2 1#   225.36  220.38  0 41  0  0  5 46
#115 2 1#   227.29  191.33  0 18  0  0  0 18
#116 2 1#   224.26  184.47  1 16  0  0  1 18
#117 2 1#   228.20  189.67  0  9  0  0  0  9
#118 2 1#   226.28  195.84  0 29  2  0  2 33
#119 2 1#   225.92  195.90  0 29  2  0  2 33
#120 2 1#   224.45  199.10  0 19  2  1  4 26
#121 2 1#   223.17  199.19  0 12  2  0  3 17
#122 2 1#   222.85  196.56  0 14  1  1  2 18
#123 2 1#   221.86  196.93  0 14  0  1  2 17
#124 5 1#   223.06  196.93  0 14  1  1  2 18
#125 2 1#   224.36  199.29  0 19  2  1  4 26
#126 2 1#   224.83  197.89  0 28  2  1  3 34
#127 2 1#   225.16  196.11  0 29  2  0  2 33
#128 2 1#   228.51  196.07  0 31  2  1  0 34
#129 2 1#   224.54  187.10  1 11  0  0  1 13
#130 2 1#   224.59  184.39  1 14  0  0  1 16
#131 2 1#   225.20  183.50  0 11  0  0  1 12
#132 3 1#   226.58  199.51  0 28  2  1  4 35
#133 2 1#   229.79  179.25  0  4  0  0  2  6
#134 3 1#   227.09  200.40  0 26  2  1  2 31
#135 2 1#   226.10  197.85  0 30  2  1  3 36
#136 2 1#   220.61  194.45  0  7  0  1  3 11
#137 5 1#   223.02  196.90  0 14  1  1  2 18
#138 2 1#   219.42  194.97  0  6  0  1  3 10
#139 4 1#   219.60  195.04  0  6  0  1  3 10
#140 2 1#   219.97  195.19  0  6  0  1  3 10
#141 2 1#   220.78  196.68  0 11  0  1  3 15
#142 2 1#   223.96  215.96  0 17  0  0  1 18
#143 2 1#   221.85  215.97  0  7  0  0  0  7
#144 2 1#   219.83  217.17  0  7  0  0  0  7
#145 2 1#   222.49  218.03  0 14  0  0  1 15
#146 2 1#   222.54  218.01  0 14  0  0  1 15
#147 2 1#   222.43  217.60  0 12  0  0  1 13
#148 2 1#   221.74  216.12  0  7  0  0  0  7
#149 5 1#   213.88  204.77  0 18  0  2  6 26
#150 2 1#   216.88  209.15  0  5  0  0  0  5
#151 2 1#   218.53  209.26  0  4  0  0  0  4
#152 2 1#   218.57  209.24  0  4  0  0  0  4
#153 2 1#   233.28  203.28  0 11  0  0  1 12
#154 2 1#   228.86  204.87  0 21  1  1  4 27
#155 2 1#   229.69  204.65  0 20  1  1  4 26
#156 2 1#   231.18  199.19  0 24  2  1  3 30
#157 5 1#   209.04  201.92  0 18  0  2  5 25
#158 2 1#   210.14  203.65  0 22  0  2  6 30
#159 5 1#   209.65  204.80  0 16  0  2  6 24
#160 5 1#   209.95  204.45  0 19  0  2  6 27
#161 2 1#   210.98  204.22  0 21  0  2  6 29
#162 2 1#   210.93  203.41  0 21  0  2  6 29
#163 2 1#   229.04  209.53  0 39  0  0  6 45
#164 5 1#   229.79  208.56  0 41  0  0  6 47
#165 5 1#   229.78  207.32  0 32  0  0  6 38
#166 2 1#   229.60  207.79  0 37  0  0  5 42
#167 2 1#   228.83  207.78  0 30  0  0  5 35
#168 2 1#   228.75  206.77  0 30  0  0  5 35
#169 2 1#   226.63  208.17  0 23  0  0  4 27
#170 2 1#   226.69  207.43  0 24  0  0  5 29
#171 2 1#   231.46  205.03  0 15  0  0  3 18
#172 2 1#   232.72  204.54  0 11  0  0  3 14
#173 2 1#   229.39  209.82  0 38  0  0  6 44
#174 2 1#   229.48  209.84  0 37  0  0  6 43
#175 2 1#   228.29  210.30  0 37  0  0  6 43
#176 2 1#   229.26  210.97  0 41  0  0  6 47
#177 5 1#   229.69  210.97  0 40  0  0  6 46
#178 2 1#   229.85  210.45  0 40  0  0  6 46
#179 2 1#   230.15  210.11  0 37  0  0  6 43
#180 2 1#   230.06  209.97  0 37  0  0  6 43
#181 2 1#   230.85  209.64  0 38  0  0  6 44
#182 2 1#   230.69  209.81  0 38  0  0  6 44
#183 2 1#   230.20  209.26  0 40  0  0  6 46
#184 2 1#   231.47  210.91  0 37  0  0  6 43
#185 2 1#   228.12  201.19  0 21  2  1  3 27
#186 2 1#   229.26  213.15  0 46  0  1  5 52
#187 2 1#   230.00  212.93  0 43  0  1  5 49
#188 2 1#   230.59  212.86  0 47  0  1  5 53
#189 5 1#   230.49  213.42  0 52  0  1  5 58
#190 2 1#   228.34  214.88  0 34  0  1  5 40
#191 2 1#   228.24  214.96  0 34  0  1  5 40
#192 2 1#   228.18  215.00  0 34  0  1  5 40
#193 2 1#   228.91  215.95  0 35  0  1  5 41
#194 5 1#   230.98  211.61  0 40  0  0  6 46
#195 2 1#   230.96  217.30  0 47  1  1  5 54
#196 2 1#   231.10  217.44  0 49  1  1  5 56
#197 2 1#   231.13  217.67  0 49  1  1  5 56
#198 2 1#   228.81  204.16  0 19  1  1  4 25
#199 2 1#   226.06  205.06  0 14  1  0  3 18
#200 2 1#   231.16  217.74  0 49  1  1  6 57
#201 2 1#   230.77  217.94  0 46  1  1  6 54
#202 2 1#   231.04  217.56  0 50  1  1  5 57
#203 2 1#   231.09  217.38  0 49  1  1  5 56
#204 4 1#   231.34  216.87  0 49  1  1  2 53
#205 2 1#   232.02  218.17  0 48  1  1  3 53
#206 2 1#   232.00  218.08  0 47  1  1  3 52
#207 2 1#   232.33  216.93  0 48  1  1  4 54
#208 3 1#   232.94  219.45  0 38  1  1  2 42
#209 2 1#   216.52  199.85  0 13  0  0  3 16
#210 5 1#   216.17  200.70  0 14  0  2  4 20
#211 2 1#   213.80  201.61  0 21  0  2  6 29
#212 2 1#   214.14  202.22  0 20  0  2  5 27
#213 2 1#   214.41  201.76  0 20  0  2  4 26
#214 2 1#   213.07  202.20  0 22  0  2  7 31
#215 2 1#   212.61  201.32  0 22  0  2  7 31
#216 2 1#   212.48  201.17  0 22  0  2  7 31
#217 2 1#   212.32  201.30  0 22  0  2  7 31
#218 2 1#   212.32  201.30  0 22  0  2  7 31
#219 2 1#   212.31  201.24  0 22  0  2  7 31
#220 2 1#   210.81  200.31  0 19  0  2  5 26
#221 5 1#   212.85  201.25  0 22  0  2  7 31
#222 5 1#   212.72  201.22  0 22  0  2  7 31
#223 2 1#   212.53  200.21  0 19  0  2  6 27
#224 2 1#   212.93  199.75  0 19  0  2  4 25
#225 2 1#   212.30  199.86  0 19  0  2  4 25
#226 2 1#   236.85  193.11  0 17  0  0  3 20
#227 2 1#   237.05  192.51  0 18  0  0  3 21
#228 2 1#   237.01  192.01  0 18  0  0  3 21
#229 5 1#   237.54  192.34  0 19  0  0  3 22
#230 2 1#   238.54  192.99  0 19  0  0  3 22
#231 2 1#   238.48  193.09  0 19  0  0  3 22
#232 2 1#   239.03  193.74  0 20  0  0  3 23
#233 2 1#   239.28  194.46  0 19  0  0  3 22
#234 2 1#   239.19  194.61  0 18  0  0  3 21
#235 2 1#   239.56  194.44  0 19  0  0  3 22
#236 2 1#   240.64  194.20  0 18  0  0  3 21
#237 5 1#   240.63  194.20  0 18  0  0  3 21
#238 2 1#   239.15  191.46  0 20  0  0  3 23
#239 2 1#   241.13  189.85  0 18  0  0  3 21
#240 2 1#   240.33  189.81  0 21  0  0  4 25
#241 2 1#   241.73  189.85  0 12  0  0  3 15
#242 5 1#   244.81  190.04  0  5  0  0  1  6
#243 5 1#   229.24  176.22  0  2  0  0  2  4
#244 2 1#   238.53  201.48  0  6  0  0  1  7
#245 2 1#   238.90  204.20  0 14  0  0  1 15
#246 2 1#   238.11  204.55  0 13  0  0  1 14
#247 5 1#   238.12  205.21  0 14  0  0  1 15
#248 2 1#   238.96  205.12  0 15  0  0  2 17
#249 2 1#   240.48  205.80  0 17  0  0  2 19
#250 2 1#   240.07  206.27  0 15  0  0  2 17
#251 2 1#   239.40  206.50  0 14  0  0  2 16
#252 2 1#   240.19  207.02  0 15  0  0  2 17
#253 2 1#   240.86  208.06  0 21  0  0  2 23
#254 2 1#   241.37  208.33  0 21  0  0  2 23
#255 2 1#   241.08  208.41  0 21  0  0  2 23
#256 2 1#   241.74  207.27  0 18  0  0  2 20
#257 2 1#   242.18  207.95  0 18  0  0  2 20
#258 2 1#   243.82  210.71  0 17  0  0  2 19
#259 2 1#   243.90  210.92  0 16  0  0  2 18
#260 2 1#   243.87  211.03  0 18  0  0  2 20
#261 2 1#   240.50  209.32  0 22  0  0  3 25
#262 5 1#   240.37  209.72  0 23  0  0  2 25
#263 2 1#   244.88  215.86  0  5  0  0  3  8
#264 2 1#   248.43  219.58  0  1  0  0  0  1
#265 5 1#   247.39  211.66  0  4  0  0  2  6
#266 5 1#   219.56  192.45  0  4  0  1  1  6
#267 2 1#   229.95  225.35  0 23  0  0  2 25
#268 2 1#   232.61  221.00  0 41  1  1  1 44
#269 2 1#   236.17  190.92  0 15  0  0  2 17
#270 2 1#   236.01  180.13  0  3  0  0  0  3
#271 2 1#   249.59  174.41  0  1  0  0  0  1
#272 2 1#   229.01  190.51  0 12  0  0  0 12
#273 2 1#   223.54  173.92  0  1  0  0  0  1
#274 5 1#   205.90  182.38  0  2  0  0  1  3
#275 2 1#   219.72  181.57  1 13  0  0  0 14
#276 2 1#   216.06  188.86  0  7  0  0  0  7
#277 2 1#   215.35  187.26  0  7  0  0  0  7
#278 2 1#   216.29  188.43  0  7  0  0  0  7
#279 2 1#   232.04  181.86  0  5  0  0  1  6
#280 5 1#   230.74  178.73  0  4  0  0  2  6
#281 2 1#   232.70  177.12  0  4  0  0  2  6
#282 2 1#   240.99  215.31  0 20  0  0  4 24
#283 2 1#   241.59  215.16  0 21  0  0  3 24
#284 2 1#   240.75  213.79  0 25  0  0  5 30
#285 2 1#   240.02  214.38  0 26  0  0  6 32
#286 5 1#   239.53  214.04  0 27  0  0  6 33
#287 2 1#   239.91  213.52  0 29  0  0  5 34
#288 2 1#   239.59  213.21  0 30  0  0  5 35
#289 2 1#   237.91  212.93  0 31  0  0  5 36
#290 2 1#   239.22  212.24  0 30  0  0  5 35
#291 2 1#   239.09  212.33  0 30  0  0  5 35
#292 2 1#   239.73  212.02  0 26  0  0  5 31
#293 5 1#   240.43  215.41  0 23  0  0  5 28
#294 5 1#   240.27  215.36  0 24  0  0  5 29
#295 5 1#   235.66  218.28  0 41  1  1  3 46
#296 2 1#   235.94  218.51  0 39  1  1  3 44
#297 2 1#   236.27  218.59  0 34  1  0  3 38
#298 5 1#   236.71  218.09  0 35  1  0  6 42
#299 2 1#   238.39  217.54  0 35  0  0  6 41
#300 2 1#   238.31  217.46  0 35  0  0  6 41
#301 2 1#   238.13  216.65  0 35  0  0  6 41
#302 2 1#   238.14  216.59  0 35  0  0  6 41
#303 2 1#   237.86  215.27  0 31  0  0  6 37
#304 2 1#   237.91  215.64  0 33  0  0  6 39
#305 2 1#   237.65  224.52  0  6  0  0  0  6
#306 2 1#   235.47  217.84  0 42  1  1  3 47
#307 2 1#   235.93  218.51  0 39  1  1  3 44
#308 2 1#   235.19  219.55  0 36  1  1  2 40
#309 2 1#   235.19  219.55  0 36  1  1  2 40
#310 2 1#   234.74  220.54  0 32  1  0  2 35
#311 2 1#   234.70  219.96  0 34  1  1  2 38
#312 2 1#   234.12  219.95  0 36  1  1  2 40
#313 2 1#   234.35  221.28  0 27  1  0  2 30
#314 2 1#   234.70  219.96  0 34  1  1  2 38
#315 2 1#   235.08  221.77  0 19  1  0  2 22
#316 2 1#   235.32  221.88  0 18  1  0  2 21
#317 2 1#   236.48  221.99  0 19  1  0  2 22
#318 2 1#   232.74  223.48  0 25  1  0  0 26
#319 2 1#   232.51  226.30  0  3  0  0  1  4
#320 2 1#   219.85  186.13  1 16  0  0  0 17
#321 2 1#   223.44  184.65  1 17  0  0  1 19
#322 2 1#   218.55  184.55  1 14  0  0  0 15
#323 2 1#   221.29  181.60  1 16  0  0  0 17
#324 2 1#   221.67  180.45  0 12  0  0  0 12
#325 2 1#   219.88  184.70  1 15  0  0  0 16
#326 2 1#   219.88  184.70  1 15  0  0  0 16
#327 2 1#   238.28  193.57  0 18  0  0  3 21
#328 2 1#   219.80  185.90  1 16  0  0  0 17
#329 2 1#   223.71  182.52  1 13  0  0  1 15
#330 2 1#   242.73  201.34  0  5  0  0  0  5
#331 2 1#   220.40  183.10  1 16  0  0  0 17
#332 2 1#   221.79  184.12  1 17  0  0  0 18
#333 2 1#   244.42  188.92  0  6  0  0  1  7
#334 5 1#   238.39  194.21  0 17  0  0  3 20
#335 2 1#   206.36  182.25  0  2  0  0  1  3
#336 2 1#   206.36  182.25  0  2  0  0  1  3
#337 2 1#   234.53  231.18  0  1  0  0  0  1
#338 2 1#   236.54  213.15  0 34  0  0  5 39
#339 2 1#   235.84  213.92  0 39  0  0  6 45
#340 2 1#   235.78  215.59  0 36  1  1  6 44
#341 2 1#   235.62  214.00  0 39  0  0  5 44
#342 5 1#   236.58  214.68  0 33  0  0  6 39
#343 5 1#   258.19  202.96  0  0  0  0  1  1
#344 1 1#   220.79  186.19  1 15  0  0  0 16
#345 2 1#   235.05  214.24  0 44  0  1  6 51
#346 2 1#   235.05  214.22  0 44  0  1  6 51
#347 2 1#   235.03  214.68  0 47  0  1  5 53
#348 2 1#   236.04  214.21  0 38  0  0  6 44
#349 2 1#   219.91  185.87  1 17  0  0  0 18
#350 2 1#   236.62  191.45  0 18  0  0  3 21
#351 2 1#   243.32  206.60  0 16  0  0  1 17
#352 3 1#   242.41  221.94  0  0  1  0  0  1
#353 2 1#   243.61  192.85  0 12  0  0  2 14
#354 2 1#   234.78  193.40  0 15  0  0  2 17
#355 2 1#   244.01  204.42  0 11  0  0  0 11
#356 2 1#   240.42  186.14  0  5  0  0  0  5
#357 5 1#   249.46  207.15  0  0  0  0  2  2
#358 2 1#   240.64  194.13  0 18  0  0  3 21
