#1 2 1#   225.17  203.57  0  1  0  0  0  1
#2 5 1#   227.78  202.80  0  1  0  0  1  2
#3 2 1#   228.51  200.91  0  4  0  1  0  5
#4 2 1#   228.58  200.88  0  4  0  1  0  5
#5 4 1#   228.67  200.69  0  4  0  1  0  5
#6 2 1#   228.70  200.62  0  4  0  1  0  5
#7 2 1#   228.45  199.37  0  1  0  0  0  1
#8 5 1#   227.08  201.21  0  0  1  0  1  2
#9 2 1#   228.40  198.05  0  2  0  0  0  2
#10 2 1#   229.10  198.10  0  2  0  0  0  2
#11 2 1#   229.90  196.42  0  1  0  0  0  1
#12 2 1#   230.71  195.77  0  1  0  0  0  1
#13 2 1#   228.75  195.95  0  5  0  0  0  5
#14 2 1#   228.78  195.58  0  7  0  0  0  7
#15 2 1#   229.75  194.76  0  1  0  0  0  1
#16 2 1#   228.12  195.24  0  9  0  0  0  9
#17 2 1#   228.05  195.42  0  9  0  0  0  9
#18 2 1#   228.22  194.51  0  8  0  0  0  8
#19 5 1#   227.60  184.38  0  0  0  0  1  1
#20 2 1#   227.60  194.38  0  6  0  0  0  6
#21 2 1#   228.08  195.06  0  8  0  0  0  8
#22 2 1#   227.92  194.53  0  8  0  0  0  8
#23 2 1#   228.02  195.08  0  8  0  0  0  8
#24 2 1#   228.23  193.96  0  4  0  0  0  4
#25 2 1#   229.07  183.26  0  1  0  0  0  1
#26 2 1#   228.98  193.03  0  1  0  0  0  1
#27 2 1#   232.06  197.88  0  2  0  0  0  2
#28 2 1#   232.19  197.69  0  2  0  0  0  2
#29 2 1#   233.12  198.26  0  1  0  0  0  1
#30 2 1#   231.26  198.97  0  2  0  0  0  2
#31 5 1#   232.61  199.86  0  2  0  0  1  3
#32 2 1#   232.30  199.94  0  2  0  0  1  3
#33 2 1#   232.85  199.78  0  2  0  0  1  3
#34 2 1#   216.47  206.76  0  1  0  0  0  1
#35 2 1#   213.86  205.78  0  1  0  0  0  1
#36 2 1#   210.65  211.62  0  1  0  0  0  1
#37 2 1#   211.47  210.64  0  3  0  0  0  3
#38 2 1#   210.94  210.32  0  3  0  0  0  3
#39 2 1#   210.99  209.89  0  3  0  0  0  3
#40 2 1#   210.89  213.28  0  1  0  0  0  1
#41 2 1#   209.75  204.79  0  1  0  0  2  3
#42 2 1#   206.85  207.10  0  1  0  0  0  1
#43 2 1#   209.13  202.25  0  1  0  0  1  2
#44 2 1#   211.71  205.51  0  1  0  0  0  1
#45 4 1#   212.87  203.41  0  0  0  1  0  1
#46 4 1#   211.86  203.12  0  2  0  1  0  3
#47 2 1#   211.74  202.98  0  2  0  1  0  3
#48 2 1#   228.11  203.12  0  1  0  0  1  2
#49 2 1#   228.11  210.55  0  3  0  0  1  4
#50 2 1#   228.11  210.55  0  3  0  0  1  4
#51 5 1#   228.07  210.55  0  3  0  0  1  4
#52 2 1#   233.22  210.81  0  5  0  0  0  5
#53 2 1#   233.43  210.78  0  5  0  0  0  5
#54 2 1#   233.43  210.82  0  5  0  0  0  5
#55 2 1#   233.39  210.82  0  5  0  0  0  5
#56 2 1#   233.19  211.19  0  5  0  0  0  5
#57 2 1#   232.16  211.31  0  2  0  0  0  2
#58 2 1#   232.34  210.31  0  4  0  0  0  4
#59 2 1#   232.34  210.11  0  4  0  0  0  4
#60 2 1#   232.11  209.77  0  4  0  0  0  4
#61 2 1#   231.66  209.85  0  6  0  0  0  6
#62 2 1#   231.75  213.35  0  3  0  0  0  3
#63 2 1#   230.33  212.70  0  5  0  0  1  6
#64 2 1#   230.22  212.86  0  5  0  0  1  6
#65 2 1#   230.99  213.08  0  6  0  0  1  7
#66 2 1#   231.34  212.52  0  4  0  0  1  5
#67 2 1#   234.53  215.85  0  1  0  0  0  1
#68 2 1#   236.21  216.37  0  3  0  0  0  3
#69 2 1#   236.70  216.14  0  2  0  0  0  2
#70 2 1#   226.69  225.34  0  2  0  0  0  2
#71 5 1#   227.73  225.09  0  1  0  0  1  2
#72 2 1#   228.01  223.99  0  2  0  0  0  2
#73 2 1#   226.74  223.88  0  2  0  0  0  2
#74 2 1#   225.28  222.45  0  2  0  0  0  2
#75 2 1#   227.24  217.19  0  5  0  0  0  5
#76 2 1#   227.11  217.55  0  5  0  0  0  5
#77 2 1#   227.61  217.50  0  4  0  0  0  4
#78 2 1#   227.35  217.80  0  5  0  0  0  5
#79 2 1#   226.69  217.91  0  4  0  0  0  4
#80 2 1#   226.93  225.61  0  2  0  0  1  3
#81 2 1#   224.69  222.67  0  2  0  0  0  2
#82 2 1#   224.13  224.31  0  2  0  0  0  2
#83 2 1#   224.31  224.54  0  2  0  0  0  2
#84 2 1#   226.18  221.83  0  4  0  0  1  5
#85 2 1#   226.67  221.68  0  6  0  0  1  7
#86 2 1#   226.68  221.12  0  6  0  0  3  9
#87 2 1#   227.39  222.94  0  3  0  0  0  3
#88 2 1#   227.39  223.22  0  5  0  0  0  5
#89 2 1#   227.91  222.95  0  5  0  0  0  5
#90 2 1#   228.53  222.61  0  5  0  0  0  5
#91 2 1#   228.16  222.10  0  7  0  0  0  7
#92 2 1#   228.82  222.30  0  5  0  0  0  5
#93 2 1#   228.87  222.22  0  5  0  0  0  5
#94 2 1#   229.41  221.79  0  4  0  0  0  4
#95 2 1#   229.81  221.53  0  2  0  0  0  2
#96 2 1#   228.35  221.02  0  6  0  0  1  7
#97 2 1#   228.03  221.33  0  7  0  0  1  8
#98 5 1#   227.47  221.08  0  8  0  0  3 11
#99 2 1#   227.72  221.15  0  7  0  0  2  9
#100 2 1#   228.04  220.45  0  6  0  0  3  9
#101 2 1#   228.13  220.43  0  6  0  0  3  9
#102 2 1#   228.13  219.80  0  3  0  0  1  4
#103 2 1#   229.47  220.47  0  3  0  0  0  3
#104 2 1#   229.15  220.43  0  4  0  0  0  4
#105 2 1#   229.40  220.00  0  3  0  0  0  3
#106 5 1#   226.67  219.52  0  0  0  0  2  2
#107 2 1#   226.93  220.57  0  5  0  0  3  8
#108 2 1#   226.43  220.78  0  5  0  0  2  7
#109 2 1#   226.42  220.97  0  6  0  0  2  8
#110 2 1#   227.55  221.94  0  5  0  0  1  6
#111 5 1#   226.38  221.68  0  5  0  0  1  6
#112 5 1#   227.27  220.57  0  7  0  0  3 10
#113 5 1#   227.22  220.13  0  4  0  0  4  8
#114 2 1#   225.36  220.38  0  1  0  0  0  1
#115 2 1#   227.29  191.33  0  1  0  0  0  1
#116 2 1#   224.26  184.47  0  3  0  0  0  3
#117 2 1#   228.20  189.67  0  1  0  0  0  1
#118 2 1#   226.28  195.84  0  2  0  0  0  2
#119 2 1#   225.92  195.90  0  3  0  0  0  3
#120 2 1#   224.45  199.10  0  2  0  0  0  2
#121 2 1#   223.17  199.19  0  1  0  0  0  1
#122 2 1#   222.85  196.56  0  1  0  0  2  3
#123 2 1#   221.86  196.93  0  1  0  0  0  1
#124 5 1#   223.06  196.93  0  1  0  0  2  3
#125 2 1#   224.36  199.29  0  2  0  0  0  2
#126 2 1#   224.83  197.89  0  1  0  0  0  1
#127 2 1#   225.16  196.11  0  2  0  0  0  2
#128 2 1#   228.51  196.07  0  5  0  0  0  5
#129 2 1#   224.54  187.10  0  1  0  0  0  1
#130 2 1#   224.59  184.39  0  2  0  0  0  2
#131 2 1#   225.20  183.50  0  1  0  0  0  1
#132 3 1#   226.58  199.51  0  0  1  0  0  1
#133 2 1#   229.79  179.25  0  1  0  0  0  1
#134 3 1#   227.09  200.40  0  0  1  0  1  2
#135 2 1#   226.10  197.85  0  1  0  0  0  1
#136 2 1#   220.61  194.45  0  2  0  0  0  2
#137 5 1#   223.02  196.90  0  1  0  0  2  3
#138 2 1#   219.42  194.97  0  2  0  1  0  3
#139 4 1#   219.60  195.04  0  2  0  1  0  3
#140 2 1#   219.97  195.19  0  3  0  1  0  4
#141 2 1#   220.78  196.68  0  1  0  0  0  1
#142 2 1#   223.96  215.96  0  1  0  0  0  1
#143 2 1#   221.85  215.97  0  2  0  0  0  2
#144 2 1#   219.83  217.17  0  1  0  0  0  1
#145 2 1#   222.49  218.03  0  3  0  0  0  3
#146 2 1#   222.54  218.01  0  3  0  0  0  3
#147 2 1#   222.43  217.60  0  3  0  0  0  3
#148 2 1#   221.74  216.12  0  2  0  0  0  2
#149 5 1#   213.88  204.77  0  0  0  0  1  1
#150 2 1#   216.88  209.15  0  1  0  0  0  1
#151 2 1#   218.53  209.26  0  2  0  0  0  2
#152 2 1#   218.57  209.24  0  2  0  0  0  2
#153 2 1#   233.28  203.28  0  1  0  0  0  1
#154 2 1#   228.86  204.87  0  3  0  0  0  3
#155 2 1#   229.69  204.65  0  2  0  0  0  2
#156 2 1#   231.18  199.19  0  2  0  0  0  2
#157 5 1#   209.04  201.92  0  1  0  0  1  2
#158 2 1#   210.14  203.65  0  2  0  0  1  3
#159 5 1#   209.65  204.80  0  1  0  0  2  3
#160 5 1#   209.95  204.45  0  2  0  0  2  4
#161 2 1#   210.98  204.22  0  2  0  0  0  2
#162 2 1#   210.93  203.41  0  4  0  1  0  5
#163 2 1#   229.04  209.53  0  3  0  0  0  3
#164 5 1#   229.79  208.56  0  2  0  0  1  3
#165 5 1#   229.78  207.32  0  1  0  0  1  2
#166 2 1#   229.60  207.79  0  2  0  0  2  4
#167 2 1#   228.83  207.78  0  2  0  0  0  2
#168 2 1#   228.75  206.77  0  1  0  0  0  1
#169 2 1#   226.63  208.17  0  2  0  0  0  2
#170 2 1#   226.69  207.43  0  2  0  0  0  2
#171 2 1#   231.46  205.03  0  1  0  0  0  1
#172 2 1#   232.72  204.54  0  1  0  0  0  1
#173 2 1#   229.39  209.82  0  7  0  0  0  7
#174 2 1#   229.48  209.84  0  7  0  0  0  7
#175 2 1#   228.29  210.30  0  3  0  0  1  4
#176 2 1#   229.26  210.97  0  2  0  0  1  3
#177 5 1#   229.69  210.97  0  3  0  0  1  4
#178 2 1#   229.85  210.45  0  6  0  0  1  7
#179 2 1#   230.15  210.11  0  8  0  0  1  9
#180 2 1#   230.06  209.97  0  8  0  0  0  8
#181 2 1#   230.85  209.64  0  6  0  0  0  6
#182 2 1#   230.69  209.81  0  6  0  0  0  6
#183 2 1#   230.20  209.26  0  7  0  0  1  8
#184 2 1#   231.47  210.91  0  2  0  0  1  3
#185 2 1#   228.12  201.19  0  4  0  1  0  5
#186 2 1#   229.26  213.15  0  2  0  0  0  2
#187 2 1#   230.00  212.93  0  5  0  0  1  6
#188 2 1#   230.59  212.86  0  6  0  0  1  7
#189 5 1#   230.49  213.42  0  5  0  0  1  6
#190 2 1#   228.34  214.88  0  3  0  0  0  3
#191 2 1#   228.24  214.96  0  3  0  0  0  3
#192 2 1#   228.18  215.00  0  3  0  0  0  3
#193 2 1#   228.91  215.95  0  1  0  0  0  1
#194 5 1#   230.98  211.61  0  2  0  0  1  3
#195 2 1#   230.96  217.30  0  7  0  1  0  8
#196 2 1#   231.10  217.44  0  7  0  1  0  8
#197 2 1#   231.13  217.67  0  8  0  1  0  9
#198 2 1#   228.81  204.16  0  2  0  0  0  2
#199 2 1#   226.06  205.06  0  1  0  0  0  1
#200 2 1#   231.16  217.74  0  9  0  1  0 10
#201 2 1#   230.77  217.94  0  7  0  0  0  7
#202 2 1#   231.04  217.56  0  7  0  1  0  8
#203 2 1#   231.09  217.38  0  7  0  1  0  8
#204 4 1#   231.34  216.87  0  7  0  1  0  8
#205 2 1#   232.02  218.17  0  3  0  0  0  3
#206 2 1#   232.00  218.08  0  4  0  0  0  4
#207 2 1#   232.33  216.93  0  1  0  1  0  2
#208 3 1#   232.94  219.45  0  0  1  0  0  1
#209 2 1#   216.52  199.85  0  1  0  0  1  2
#210 5 1#   216.17  200.70  0  1  0  0  1  2
#211 2 1#   213.80  201.61  0  4  0  0  0  4
#212 2 1#   214.14  202.22  0  3  0  0  0  3
#213 2 1#   214.41  201.76  0  3  0  0  0  3
#214 2 1#   213.07  202.20  0  3  0  0  1  4
#215 2 1#   212.61  201.32  0  6  0  0  2  8
#216 2 1#   212.48  201.17  0  6  0  0  2  8
#217 2 1#   212.32  201.30  0  5  0  0  2  7
#218 2 1#   212.32  201.30  0  5  0  0  2  7
#219 2 1#   212.31  201.24  0  5  0  0  2  7
#220 2 1#   210.81  200.31  0  1  0  0  0  1
#221 5 1#   212.85  201.25  0  6  0  0  2  8
#222 5 1#   212.72  201.22  0  5  0  0  2  7
#223 2 1#   212.53  200.21  0  4  0  0  0  4
#224 2 1#   212.93  199.75  0  3  0  0  0  3
#225 2 1#   212.30  199.86  0  3  0  0  0  3
#226 2 1#   236.85  193.11  0  2  0  0  0  2
#227 2 1#   237.05  192.51  0  3  0  0  1  4
#228 2 1#   237.01  192.01  0  3  0  0  1  4
#229 5 1#   237.54  192.34  0  2  0  0  1  3
#230 2 1#   238.54  192.99  0  4  0  0  0  4
#231 2 1#   238.48  193.09  0  4  0  0  0  4
#232 2 1#   239.03  193.74  0  7  0  0  1  8
#233 2 1#   239.28  194.46  0  4  0  0  1  5
#234 2 1#   239.19  194.61  0  4  0  0  1  5
#235 2 1#   239.56  194.44  0  4  0  0  0  4
#236 2 1#   240.64  194.20  0  2  0  0  1  3
#237 5 1#   240.63  194.20  0  2  0  0  1  3
#238 2 1#   239.15  191.46  0  1  0  0  0  1
#239 2 1#   241.13  189.85  0  3  0  0  0  3
#240 2 1#   240.33  189.81  0  2  0  0  0  2
#241 2 1#   241.73  189.85  0  2  0  0  0  2
#242 5 1#   244.81  190.04  0  0  0  0  1  1
#243 5 1#   229.24  176.22  0  0  0  0  1  1
#244 2 1#   238.53  201.48  0  1  0  0  0  1
#245 2 1#   238.90  204.20  0  3  0  0  0  3
#246 2 1#   238.11  204.55  0  2  0  0  1  3
#247 5 1#   238.12  205.21  0  2  0  0  1  3
#248 2 1#   238.96  205.12  0  2  0  0  1  3
#249 2 1#   240.48  205.80  0  2  0  0  0  2
#250 2 1#   240.07  206.27  0  4  0  0  0  4
#251 2 1#   239.40  206.50  0  3  0  0  0  3
#252 2 1#   240.19  207.02  0  3  0  0  0  3
#253 2 1#   240.86  208.06  0  3  0  0  0  3
#254 2 1#   241.37  208.33  0  4  0  0  0  4
#255 2 1#   241.08  208.41  0  3  0  0  0  3
#256 2 1#   241.74  207.27  0  2  0  0  0  2
#257 2 1#   242.18  207.95  0  3  0  0  0  3
#258 2 1#   243.82  210.71  0  3  0  0  0  3
#259 2 1#   243.90  210.92  0  3  0  0  0  3
#260 2 1#   243.87  211.03  0  3  0  0  0  3
#261 2 1#   240.50  209.32  0  1  0  0  1  2
#262 5 1#   240.37  209.72  0  1  0  0  1  2
#263 2 1#   244.88  215.86  0  1  0  0  0  1
#264 2 1#   248.43  219.58  0  1  0  0  0  1
#265 5 1#   247.39  211.66  0  0  0  0  1  1
#266 5 1#   219.56  192.45  0  0  0  0  1  1
#267 2 1#   229.95  225.35  0  1  0  0  0  1
#268 2 1#   232.61  221.00  0  1  0  0  0  1
#269 2 1#   236.17  190.92  0  2  0  0  0  2
#270 2 1#   236.01  180.13  0  1  0  0  0  1
#271 2 1#   249.59  174.41  0  1  0  0  0  1
#272 2 1#   229.01  190.51  0  1  0  0  0  1
#273 2 1#   223.54  173.92  0  1  0  0  0  1
#274 5 1#   205.90  182.38  0  2  0  0  1  3
#275 2 1#   219.72  181.57  0  1  0  0  0  1
#276 2 1#   216.06  188.86  0  2  0  0  0  2
#277 2 1#   215.35  187.26  0  1  0  0  0  1
#278 2 1#   216.29  188.43  0  2  0  0  0  2
#279 2 1#   232.04  181.86  0  1  0  0  0  1
#280 5 1#   230.74  178.73  0  0  0  0  1  1
#281 2 1#   232.70  177.12  0  1  0  0  0  1
#282 2 1#   240.99  215.31  0  2  0  0  2  4
#283 2 1#   241.59  215.16  0  2  0  0  0  2
#284 2 1#   240.75  213.79  0  3  0  0  0  3
#285 2 1#   240.02  214.38  0  3  0  0  1  4
#286 5 1#   239.53  214.04  0  3  0  0  1  4
#287 2 1#   239.91  213.52  0  4  0  0  1  5
#288 2 1#   239.59  213.21  0  2  0  0  1  3
#289 2 1#   237.91  212.93  0  1  0  0  0  1
#290 2 1#   239.22  212.24  0  3  0  0  0  3
#291 2 1#   239.09  212.33  0  3  0  0  0  3
#292 2 1#   239.73  212.02  0  3  0  0  0  3
#293 5 1#   240.43  215.41  0  1  0  0  2  3
#294 5 1#   240.27  215.36  0  1  0  0  2  3
#295 5 1#   235.66  218.28  0  4  0  0  1  5
#296 2 1#   235.94  218.51  0  4  0  0  2  6
#297 2 1#   236.27  218.59  0  3  0  0  2  5
#298 5 1#   236.71  218.09  0  3  0  0  1  4
#299 2 1#   238.39  217.54  0  4  0  0  0  4
#300 2 1#   238.31  217.46  0  4  0  0  0  4
#301 2 1#   238.13  216.65  0  4  0  0  0  4
#302 2 1#   238.14  216.59  0  5  0  0  0  5
#303 2 1#   237.86  215.27  0  2  0  0  0  2
#304 2 1#   237.91  215.64  0  3  0  0  0  3
#305 2 1#   237.65  224.52  0  1  0  0  0  1
#306 2 1#   235.47  217.84  0  3  0  0  1  4
#307 2 1#   235.93  218.51  0  4  0  0  2  6
#308 2 1#   235.19  219.55  0  4  0  0  0  4
#309 2 1#   235.19  219.55  0  4  0  0  0  4
#310 2 1#   234.74  220.54  0  5  0  0  0  5
#311 2 1#   234.70  219.96  0  6  0  0  0  6
#312 2 1#   234.12  219.95  0  4  0  0  0  4
#313 2 1#   234.35  221.28  0  3  0  0  0  3
#314 2 1#   234.70  219.96  0  6  0  0  0  6
#315 2 1#   235.08  221.77  0  3  0  0  0  3
#316 2 1#   235.32  221.88  0  2  0  0  0  2
#317 2 1#   236.48  221.99  0  1  0  0  0  1
#318 2 1#   232.74  223.48  0  1  0  0  0  1
#319 2 1#   232.51  226.30  0  1  0  0  0  1
#320 2 1#   219.85  186.13  1  3  0  0  0  4
#321 2 1#   223.44  184.65  0  2  0  0  0  2
#322 2 1#   218.55  184.55  0  1  0  0  0  1
#323 2 1#   221.29  181.60  0  1  0  0  0  1
#324 2 1#   221.67  180.45  0  1  0  0  0  1
#325 2 1#   219.88  184.70  0  2  0  0  0  2
#326 2 1#   219.88  184.70  0  2  0  0  0  2
#327 2 1#   238.28  193.57  0  4  0  0  1  5
#328 2 1#   219.80  185.90  0  3  0  0  0  3
#329 2 1#   223.71  182.52  0  1  0  0  0  1
#330 2 1#   242.73  201.34  0  1  0  0  0  1
#331 2 1#   220.40  183.10  0  1  0  0  0  1
#332 2 1#   221.79  184.12  0  1  0  0  0  1
#333 2 1#   244.42  188.92  0  1  0  0  0  1
#334 5 1#   238.39  194.21  0  4  0  0  1  5
#335 2 1#   206.36  182.25  0  2  0  0  1  3
#336 2 1#   206.36  182.25  0  2  0  0  1  3
#337 2 1#   234.53  231.18  0  1  0  0  0  1
#338 2 1#   236.54  213.15  0  1  0  0  0  1
#339 2 1#   235.84  213.92  0  5  0  0  0  5
#340 2 1#   235.78  215.59  0  2  0  0  0  2
#341 2 1#   235.62  214.00  0  6  0  0  0  6
#342 5 1#   236.58  214.68  0  1  0  0  1  2
#343 5 1#   258.19  202.96  0  0  0  0  1  1
#344 1 1#   220.79  186.19  1  2  0  0  0  3
#345 2 1#   235.05  214.24  0  6  0  0  0  6
#346 2 1#   235.05  214.22  0  6  0  0  0  6
#347 2 1#   235.03  214.68  0  4  0  0  0  4
#348 2 1#   236.04  214.21  0  5  0  0  1  6
#349 2 1#   219.91  185.87  1  3  0  0  0  4
#350 2 1#   236.62  191.45  0  3  0  0  0  3
#351 2 1#   243.32  206.60  0  1  0  0  0  1
#352 3 1#   242.41  221.94  0  0  1  0  0  1
#353 2 1#   243.61  192.85  0  1  0  0  0  1
#354 2 1#   234.78  193.40  0  1  0  0  0  1
#355 2 1#   244.01  204.42  0  1  0  0  0  1
#356 2 1#   240.42  186.14  0  1  0  0  0  1
#357 5 1#   249.46  207.15  0  0  0  0  1  1
#358 2 1#   240.64  194.13  0  2  0  0  1  3
